\BOOKMARK [0][-]{chapter.1}{Motivaciones, lenguajes y otros.}{}% 1
\BOOKMARK [1][-]{section.1.1}{Lenguajes.}{chapter.1}% 2
\BOOKMARK [1][-]{section.1.2}{Arquitectura.}{chapter.1}% 3
\BOOKMARK [1][-]{section.1.3}{Dependencias}{chapter.1}% 4
\BOOKMARK [1][-]{section.1.4}{Terminolog\355a}{chapter.1}% 5
\BOOKMARK [0][-]{chapter.2}{C\363digo: Usuarios}{}% 6
\BOOKMARK [1][-]{section.2.1}{Necesidad}{chapter.2}% 7
\BOOKMARK [1][-]{section.2.2}{Funcionalidad}{chapter.2}% 8
\BOOKMARK [2][-]{subsection.2.2.1}{index}{section.2.2}% 9
\BOOKMARK [2][-]{subsection.2.2.2}{acceder}{section.2.2}% 10
\BOOKMARK [2][-]{subsection.2.2.3}{home}{section.2.2}% 11
\BOOKMARK [2][-]{subsection.2.2.4}{menu}{section.2.2}% 12
\BOOKMARK [2][-]{subsection.2.2.5}{salir}{section.2.2}% 13
\BOOKMARK [2][-]{subsection.2.2.6}{recuperar}{section.2.2}% 14
\BOOKMARK [2][-]{subsection.2.2.7}{usuariorecuperar}{section.2.2}% 15
\BOOKMARK [2][-]{subsection.2.2.8}{empresas}{section.2.2}% 16
\BOOKMARK [2][-]{subsection.2.2.9}{empresaeditar}{section.2.2}% 17
\BOOKMARK [2][-]{subsection.2.2.10}{empresaeliminar}{section.2.2}% 18
\BOOKMARK [2][-]{subsection.2.2.11}{empresanueva}{section.2.2}% 19
\BOOKMARK [2][-]{subsection.2.2.12}{proyectonuevo}{section.2.2}% 20
\BOOKMARK [2][-]{subsection.2.2.13}{proyectoeditar}{section.2.2}% 21
\BOOKMARK [2][-]{subsection.2.2.14}{proyectoeliminar}{section.2.2}% 22
\BOOKMARK [2][-]{subsection.2.2.15}{usuarios}{section.2.2}% 23
\BOOKMARK [2][-]{subsection.2.2.16}{usuarioeditar}{section.2.2}% 24
\BOOKMARK [2][-]{subsection.2.2.17}{usuarioeliminar}{section.2.2}% 25
\BOOKMARK [2][-]{subsection.2.2.18}{usuarioreenviar}{section.2.2}% 26
\BOOKMARK [2][-]{subsection.2.2.19}{usuarioactivar}{section.2.2}% 27
\BOOKMARK [2][-]{subsection.2.2.20}{usuarionuevo}{section.2.2}% 28
\BOOKMARK [2][-]{subsection.2.2.21}{licencia}{section.2.2}% 29
\BOOKMARK [2][-]{subsection.2.2.22}{cuenta}{section.2.2}% 30
\BOOKMARK [2][-]{subsection.2.2.23}{logs}{section.2.2}% 31
\BOOKMARK [2][-]{subsection.2.2.24}{reportarerror}{section.2.2}% 32
\BOOKMARK [2][-]{subsection.2.2.25}{t\351rminos y privacidad}{section.2.2}% 33
\BOOKMARK [2][-]{subsection.2.2.26}{e400, e403, e404, e500}{section.2.2}% 34
